<?xml version="1.0" encoding="UTF-8"?>
<testsuite xmlns:xsi="http://www.w3.org/2001/XMLSchema-instance" xsi:noNamespaceSchemaLocation="https://maven.apache.org/surefire/maven-surefire-plugin/xsd/surefire-test-report-3.0.xsd" version="3.0" name="engine.WorkflowEngineTest" time="2.188" tests="8" errors="0" skipped="0" failures="0">
  <properties>
[...]
</properties>
  <testcase name="testBasicStepExecution" classname="engine.WorkflowEngineTest" time="0.397">
    <system-out><![CDATA[[WorkflowEngine] Starting workflow: test-001
[DurableContext] Executing step: step1_0
[DurableContext] Step step1_0 completed successfully
[DurableContext] Executing step: step2_1
[DurableContext] Step step2_1 completed successfully
[WorkflowEngine] Workflow test-001 completed successfully
]]></system-out>
    <system-err><![CDATA[SLF4J: Failed to load class "org.slf4j.impl.StaticLoggerBinder".
SLF4J: Defaulting to no-operation (NOP) logger implementation
SLF4J: See http://www.slf4j.org/codes.html#StaticLoggerBinder for further details.
]]></system-err>
  </testcase>
  <testcase name="testStepMemoization" classname="engine.WorkflowEngineTest" time="0.041">
    <system-out><![CDATA[[WorkflowEngine] Starting workflow: test-002
[DurableContext] Executing step: step1_0
[DurableContext] Step step1_0 completed successfully
[DurableContext] Executing step: step2_1
[DurableContext] Step step2_1 completed successfully
[WorkflowEngine] Workflow test-002 completed successfully
[WorkflowEngine] Starting workflow: test-002
[DurableContext] Executing step: step1_0
[DurableContext] Step step1_0 already completed, returning cached result
[DurableContext] Executing step: step2_1
[DurableContext] Step step2_1 already completed, returning cached result
[WorkflowEngine] Workflow test-002 completed successfully
]]></system-out>
  </testcase>
  <testcase name="testWorkflowResumeAfterFailure" classname="engine.WorkflowEngineTest" time="0.043">
    <system-out><![CDATA[[WorkflowEngine] Starting workflow: test-003
[DurableContext] Executing step: step1_0
[DurableContext] Step step1_0 completed successfully
[DurableContext] Executing step: step2_1
[DurableContext] Step step2_1 completed successfully
[DurableContext] Executing step: step3_2
[DurableContext] Step step3_2 failed: Simulated failure
[WorkflowEngine] Starting workflow: test-003
[DurableContext] Executing step: step1_0
[DurableContext] Step step1_0 already completed, returning cached result
[DurableContext] Executing step: step2_1
[DurableContext] Step step2_1 already completed, returning cached result
[DurableContext] Executing step: step3_2
[DurableContext] Step step3_2 previously failed, retrying execution...
[DurableContext] Step step3_2 completed successfully
[DurableContext] Executing step: step4_3
[DurableContext] Step step4_3 completed successfully
[WorkflowEngine] Workflow test-003 completed successfully
]]></system-out>
    <system-err><![CDATA[[WorkflowEngine] Workflow test-003 failed: Simulated failure
]]></system-err>
  </testcase>
  <testcase name="testParallelExecution" classname="engine.WorkflowEngineTest" time="1.036">
    <system-out><![CDATA[[WorkflowEngine] Starting workflow: test-004
[DurableContext] Executing step: task1_0
[DurableContext] Executing step: task2_1
[DurableContext] Executing step: task3_2
[DurableContext] Step task1_0 completed successfully
[DurableContext] Step task3_2 completed successfully
[DurableContext] Step task2_1 completed successfully
[WorkflowEngine] Workflow test-004 completed successfully
]]></system-out>
  </testcase>
  <testcase name="testSequenceTrackingInLoops" classname="engine.WorkflowEngineTest" time="0.026">
    <system-out><![CDATA[[WorkflowEngine] Starting workflow: test-005
[DurableContext] Executing step: loop-step_0
[DurableContext] Step loop-step_0 completed successfully
[DurableContext] Executing step: loop-step_1
[DurableContext] Step loop-step_1 completed successfully
[DurableContext] Executing step: loop-step_2
[DurableContext] Step loop-step_2 completed successfully
[WorkflowEngine] Workflow test-005 completed successfully
]]></system-out>
  </testcase>
  <testcase name="testWorkflowReset" classname="engine.WorkflowEngineTest" time="0.024">
    <system-out><![CDATA[[WorkflowEngine] Starting workflow: test-006
[DurableContext] Executing step: step1_0
[DurableContext] Step step1_0 completed successfully
[WorkflowEngine] Workflow test-006 completed successfully
[WorkflowEngine] Reset workflow: test-006
[WorkflowEngine] Starting workflow: test-006
[DurableContext] Executing step: step1_0
[DurableContext] Step step1_0 completed successfully
[WorkflowEngine] Workflow test-006 completed successfully
]]></system-out>
  </testcase>
  <testcase name="testDifferentReturnTypes" classname="engine.WorkflowEngineTest" time="0.029">
    <system-out><![CDATA[[WorkflowEngine] Starting workflow: test-007
[DurableContext] Executing step: string-step_0
[DurableContext] Step string-step_0 completed successfully
[DurableContext] Executing step: int-step_1
[DurableContext] Step int-step_1 completed successfully
[DurableContext] Executing step: bool-step_2
[DurableContext] Step bool-step_2 completed successfully
[DurableContext] Executing step: double-step_3
[DurableContext] Step double-step_3 completed successfully
[WorkflowEngine] Workflow test-007 completed successfully
]]></system-out>
  </testcase>
  <testcase name="testErrorPropagationInParallel" classname="engine.WorkflowEngineTest" time="0.546">
    <system-out><![CDATA[[WorkflowEngine] Starting workflow: test-008
[DurableContext] Executing step: task1_0
[DurableContext] Executing step: task2_1
[DurableContext] Step task2_1 failed: Task 2 failed
[DurableContext] Step task1_0 completed successfully
]]></system-out>
    <system-err><![CDATA[[WorkflowEngine] Workflow test-008 failed: Task 2 failed
]]></system-err>
  </testcase>
</testsuite>